2023-12-08T19:27:22.511Z ERROR: MongoDB connection error: Invalid scheme, expected connection string to start with "mongodb://" or "mongodb+srv://" 
2023-12-08T19:27:22.715Z INFO: Server is now running on port 5000 
2023-12-08T19:34:04.378Z ERROR: MongoDB connection error: Invalid scheme, expected connection string to start with "mongodb://" or "mongodb+srv://" 
2023-12-08T19:34:04.400Z INFO: Server is now running on port 5000 
2023-12-09T12:18:26.748Z ERROR: MongoDB connection error: Invalid scheme, expected connection string to start with "mongodb://" or "mongodb+srv://" 
2023-12-09T12:18:26.780Z INFO: Server is now running on port 5000 
2023-12-09T12:20:12.283Z INFO: Server is now running on port 5000 
2023-12-09T12:20:12.296Z INFO: MongoDB connected! 
2023-12-09T13:38:02.526Z INFO: MongoDB connected! 
2023-12-09T13:38:02.541Z INFO: Server is now running on port 5000 
2023-12-09T13:38:48.659Z INFO: Server is now running on port 5000 
2023-12-09T13:38:48.668Z INFO: MongoDB connected! 
2023-12-10T19:53:14.955Z INFO: Server is now running on port 5000 
2023-12-10T19:55:40.041Z INFO: Server is now running on port 5000 
2023-12-10T19:58:15.060Z INFO: Server is now running on port 5000 
2023-12-10T20:00:48.823Z INFO: Server is now running on port 5000 
2023-12-10T20:00:48.851Z INFO: MongoDB connected! 
2023-12-10T20:04:04.302Z INFO: Server is now running on port 5000 
2023-12-10T20:04:04.339Z INFO: MongoDB connected! 
2023-12-10T20:05:08.030Z INFO: MongoDB connected! 
2023-12-10T20:05:08.056Z INFO: Server is now running on port 5000 
2023-12-10T20:36:08.953Z INFO: MongoDB connected! 
2023-12-10T20:36:08.981Z INFO: Server is now running on port 5000 
2023-12-10T20:45:06.974Z INFO: MongoDB connected! 
2023-12-10T20:45:06.994Z INFO: Server is now running on port 5000 
2023-12-10T20:46:41.172Z INFO: MongoDB connected! 
2023-12-10T20:46:41.197Z INFO: Server is now running on port 5000 
2023-12-10T20:46:54.887Z WARN: GET /api-docs/ 404 12ms 404
2023-12-10T20:47:38.465Z WARN: GET /api/v1/api-docs/ 404 2ms 404
2023-12-10T20:47:47.618Z INFO: GET /api/v1/swagger 301 2ms 301
2023-12-10T20:47:47.633Z INFO: GET /api/v1/swagger/ 200 4ms 200
2023-12-10T20:47:47.698Z INFO: GET /api/v1/swagger/swagger-ui-init.js 200 0ms 200
2023-12-10T20:47:47.724Z INFO: GET /api/v1/swagger/swagger-ui-standalone-preset.js 200 32ms 200
2023-12-10T20:47:47.741Z INFO: GET /api/v1/swagger/swagger-ui-bundle.js 200 55ms 200
2023-12-10T20:47:47.759Z INFO: GET /api/v1/swagger/swagger-ui.css 200 81ms 200
2023-12-10T20:47:48.344Z INFO: GET /api/v1/swagger/favicon-32x32.png 200 49ms 200
2023-12-10T20:51:18.257Z INFO: Server is now running on port 5000 
2023-12-10T20:51:18.273Z INFO: MongoDB connected! 
2023-12-10T20:51:25.680Z INFO: GET /api/v1/swagger/ 304 9ms 304
2023-12-10T20:51:25.723Z INFO: GET /api/v1/swagger/swagger-ui.css 304 3ms 304
2023-12-10T20:51:25.737Z INFO: GET /api/v1/swagger/swagger-ui-bundle.js 304 4ms 304
2023-12-10T20:51:25.739Z INFO: GET /api/v1/swagger/swagger-ui-standalone-preset.js 304 2ms 304
2023-12-10T20:51:25.753Z INFO: GET /api/v1/swagger/swagger-ui-init.js 200 1ms 200
2023-12-10T20:51:26.303Z INFO: GET /api/v1/swagger/favicon-32x32.png 304 1ms 304
2023-12-10T20:51:27.927Z INFO: GET /api/v1/swagger/ 304 1ms 304
2023-12-10T20:51:27.972Z INFO: GET /api/v1/swagger/swagger-ui.css 304 2ms 304
2023-12-10T20:51:27.990Z INFO: GET /api/v1/swagger/swagger-ui-bundle.js 304 12ms 304
2023-12-10T20:51:27.993Z INFO: GET /api/v1/swagger/swagger-ui-standalone-preset.js 304 5ms 304
2023-12-10T20:51:27.998Z INFO: GET /api/v1/swagger/swagger-ui-init.js 304 1ms 304
2023-12-10T20:51:28.604Z INFO: GET /api/v1/swagger/favicon-32x32.png 304 1ms 304
2023-12-10T20:51:31.356Z INFO: GET /api/v1/swagger/ 304 1ms 304
2023-12-10T20:51:31.395Z INFO: GET /api/v1/swagger/swagger-ui-init.js 304 1ms 304
2023-12-10T20:51:31.397Z INFO: GET /api/v1/swagger/swagger-ui.css 304 5ms 304
2023-12-10T20:51:31.399Z INFO: GET /api/v1/swagger/swagger-ui-bundle.js 304 5ms 304
2023-12-10T20:51:31.400Z INFO: GET /api/v1/swagger/swagger-ui-standalone-preset.js 304 5ms 304
2023-12-10T20:51:31.771Z INFO: GET /api/v1/swagger/favicon-32x32.png 304 0ms 304
2023-12-10T20:51:32.573Z INFO: GET /api/v1/swagger/ 304 1ms 304
2023-12-10T20:51:32.613Z INFO: GET /api/v1/swagger/swagger-ui.css 304 3ms 304
2023-12-10T20:51:32.614Z INFO: GET /api/v1/swagger/swagger-ui-bundle.js 304 3ms 304
2023-12-10T20:51:32.616Z INFO: GET /api/v1/swagger/swagger-ui-standalone-preset.js 304 3ms 304
2023-12-10T20:51:32.628Z INFO: GET /api/v1/swagger/swagger-ui-init.js 304 1ms 304
2023-12-10T20:51:33.125Z INFO: GET /api/v1/swagger/favicon-32x32.png 304 1ms 304
2023-12-10T20:51:46.849Z INFO: GET /api/v1/swagger/ 304 1ms 304
2023-12-10T20:51:46.952Z INFO: GET /api/v1/swagger/swagger-ui.css 304 1ms 304
2023-12-10T20:51:46.975Z INFO: GET /api/v1/swagger/swagger-ui-init.js 304 3ms 304
2023-12-10T20:51:46.996Z INFO: GET /api/v1/swagger/swagger-ui-bundle.js 304 0ms 304
2023-12-10T20:51:47.027Z INFO: GET /api/v1/swagger/swagger-ui-standalone-preset.js 304 10ms 304
2023-12-10T20:51:48.230Z INFO: GET /api/v1/swagger/favicon-32x32.png 304 1ms 304
2023-12-11T10:09:17.085Z INFO: MongoDB connected! 
2023-12-11T10:09:17.154Z INFO: Server is now running on port 5000 
2023-12-11T10:22:28.842Z INFO: MongoDB connected! 
2023-12-11T10:22:28.860Z INFO: Server is now running on port 5000 
2023-12-11T10:27:12.394Z INFO: MongoDB connected! 
2023-12-11T10:27:12.416Z INFO: Server is now running on port 5000 
2023-12-11T10:27:37.968Z INFO: GET /api/v1/swagger/ 304 46ms 304
2023-12-11T10:27:38.089Z INFO: GET /api/v1/swagger/swagger-ui.css 304 19ms 304
2023-12-11T10:27:38.145Z INFO: GET /api/v1/swagger/swagger-ui-bundle.js 304 7ms 304
2023-12-11T10:27:38.163Z INFO: GET /api/v1/swagger/swagger-ui-standalone-preset.js 304 2ms 304
2023-12-11T10:27:38.168Z INFO: GET /api/v1/swagger/swagger-ui-init.js 304 1ms 304
2023-12-11T10:27:39.339Z INFO: GET /api/v1/swagger/favicon-32x32.png 304 1ms 304
2023-12-11T10:43:45.692Z INFO: Server is now running on port 5000 
2023-12-11T10:43:45.706Z INFO: MongoDB connected! 
2023-12-11T10:48:26.465Z INFO: Server is now running on port 5000 
2023-12-11T10:48:26.477Z INFO: MongoDB connected! 
2023-12-11T10:59:09.283Z INFO: MongoDB connected! 
2023-12-11T10:59:09.308Z INFO: Server is now running on port 5000 
2023-12-11T11:11:39.249Z INFO: MongoDB connected! 
2023-12-11T11:11:39.275Z INFO: Server is now running on port 5000 
2023-12-13T13:14:14.522Z INFO: Server is now running on port 5000 
2023-12-13T13:14:14.551Z INFO: MongoDB connected! 
2023-12-13T13:29:36.141Z INFO: MongoDB connected! 
2023-12-13T13:29:36.157Z INFO: Server is now running on port 5000 
2024-02-10T18:53:16.992Z INFO: Server is now running on port 5000 
2024-02-10T19:48:56.689Z INFO: Server is now running on port 5000 
2024-02-11T18:20:40.289Z INFO: MongoDB connected! 
2024-02-11T18:20:40.373Z INFO: Server is now running on port 5000 
2024-02-11T18:32:19.656Z INFO: Server is now running on port 5000 
2024-02-11T18:32:19.667Z INFO: MongoDB connected! 
2024-03-07T12:51:50.473Z INFO: MongoDB connected! 
2024-03-07T12:51:50.547Z INFO: Server is now running on port 5000 
2024-03-08T00:32:37.603Z INFO: MongoDB connected! 
2024-03-08T00:32:37.690Z INFO: Server is now running on port 5000 
2024-03-08T00:51:08.504Z INFO: Server is now running on port 5000 
2024-03-08T00:51:11.410Z ERROR: MongoDB connection error: bad auth : authentication failed 
2024-03-08T00:54:13.535Z INFO: Server is now running on port 5000 
2024-03-08T00:54:15.570Z ERROR: MongoDB connection error: bad auth : authentication failed 
2024-03-08T08:37:39.047Z INFO: Server is now running on port 5000 
2024-03-08T08:38:09.022Z ERROR: MongoDB connection error: connect ECONNREFUSED 127.0.0.1:27017 
2024-03-08T11:01:34.504Z INFO: Server is now running on port 5000 
2024-03-08T11:02:04.506Z ERROR: MongoDB connection error: connect ECONNREFUSED 127.0.0.1:27017 
2024-03-08T11:07:29.130Z INFO: Server is now running on port 5000 
2024-03-08T11:07:59.125Z ERROR: MongoDB connection error: connect ECONNREFUSED 127.0.0.1:27017 
2024-03-08T11:15:29.554Z INFO: Server is now running on port 5000 
2024-03-08T11:15:59.556Z ERROR: MongoDB connection error: connect ECONNREFUSED 127.0.0.1:27017 
2024-03-08T11:16:47.360Z INFO: Server is now running on port 5000 
2024-03-08T11:16:52.938Z INFO: MongoDB connected! 
2024-03-08T11:17:58.607Z INFO: Server is now running on port 5000 
2024-03-08T11:17:58.632Z INFO: MongoDB connected! 
2024-03-08T11:20:16.170Z INFO: GET /api/v1/swagger/ 200 14ms 200
2024-03-08T11:20:16.319Z INFO: GET /api/v1/swagger/swagger-ui-init.js 200 0ms 200
2024-03-08T11:20:16.392Z INFO: GET /api/v1/swagger/swagger-ui-standalone-preset.js 200 87ms 200
2024-03-08T11:20:16.409Z INFO: GET /api/v1/swagger/swagger-ui.css 200 136ms 200
2024-03-08T11:20:16.534Z INFO: GET /api/v1/swagger/swagger-ui-bundle.js 200 236ms 200
2024-03-08T11:20:17.768Z INFO: GET /api/v1/swagger/favicon-32x32.png 200 29ms 200
2024-03-08T11:20:32.391Z WARN: GET / 404 4ms 404
2024-03-08T11:20:49.002Z INFO: GET /api/v1/swagger/ 304 1ms 304
2024-03-08T11:20:49.074Z INFO: GET /api/v1/swagger/swagger-ui.css 304 3ms 304
2024-03-08T11:20:49.085Z INFO: GET /api/v1/swagger/swagger-ui-standalone-preset.js 304 3ms 304
2024-03-08T11:20:49.100Z INFO: GET /api/v1/swagger/swagger-ui-bundle.js 304 1ms 304
2024-03-08T11:20:49.112Z INFO: GET /api/v1/swagger/swagger-ui-init.js 304 1ms 304
2024-03-08T11:20:51.319Z INFO: GET /api/v1/swagger/ 304 1ms 304
2024-03-08T11:20:51.379Z INFO: GET /api/v1/swagger/swagger-ui.css 304 3ms 304
2024-03-08T11:20:51.382Z INFO: GET /api/v1/swagger/swagger-ui-bundle.js 304 6ms 304
2024-03-08T11:20:51.399Z INFO: GET /api/v1/swagger/swagger-ui-standalone-preset.js 304 7ms 304
2024-03-08T11:20:51.402Z INFO: GET /api/v1/swagger/swagger-ui-init.js 304 1ms 304
2024-03-08T11:20:51.995Z INFO: GET /api/v1/swagger/favicon-32x32.png 304 1ms 304
2024-03-08T11:42:59.950Z INFO: Server is now running on port 5000 
2024-03-08T11:42:59.970Z INFO: MongoDB connected! 
2024-03-08T11:43:09.849Z INFO: GET /api/v1/swagger/ 304 12ms 304
2024-03-08T11:43:09.916Z INFO: GET /api/v1/swagger/swagger-ui.css 304 3ms 304
2024-03-08T11:43:09.935Z INFO: GET /api/v1/swagger/swagger-ui-standalone-preset.js 304 1ms 304
2024-03-08T11:43:09.965Z INFO: GET /api/v1/swagger/swagger-ui-init.js 304 0ms 304
2024-03-08T11:43:09.983Z INFO: GET /api/v1/swagger/swagger-ui-bundle.js 304 2ms 304
2024-03-08T11:43:10.900Z INFO: GET /api/v1/swagger/favicon-32x32.png 304 0ms 304
2024-03-08T12:16:59.640Z WARN: POST /api/v1/signup 400 18ms 400
2024-03-08T12:17:50.996Z WARN: POST /api/v1/signup 400 14ms 400
2024-03-08T12:18:57.535Z WARN: POST /api/v1/signup 400 5ms 400
2024-03-08T12:19:17.796Z WARN: POST /api/v1/signup 400 4ms 400
2024-03-08T12:20:20.791Z WARN: POST /signup 404 2ms 404
2024-03-08T12:21:51.906Z WARN: POST /api/v1/signup 400 3ms 400
2024-03-08T12:25:08.969Z INFO: Server is now running on port 5000 
2024-03-08T12:25:09.021Z INFO: MongoDB connected! 
2024-03-08T12:28:11.042Z WARN: POST /api/v1/auth/signup 401 26ms 401
2024-03-08T12:29:00.683Z WARN: POST /api/v1/auth/signup 401 4ms 401
2024-03-08T12:30:20.205Z WARN: POST /api/v1/auth/signup 401 9ms 401
2024-03-08T12:31:00.394Z WARN: POST /api/v1/auth/signup 401 1ms 401
2024-03-08T12:31:19.667Z WARN: POST /api/v1/auth 401 9ms 401
2024-03-08T12:31:49.765Z WARN: POST /api/v1/auth/signup 401 3ms 401
2024-03-08T12:33:07.902Z WARN: POST /api/v1/signup 400 34ms 400
2024-03-08T12:33:22.838Z WARN: POST /api/v1/signup 400 9ms 400
2024-03-08T12:36:35.378Z INFO: Server is now running on port 5000 
2024-03-08T12:36:35.457Z INFO: MongoDB connected! 
2024-03-08T12:43:59.421Z WARN: POST /api/v1/auth/signup 401 25ms 401
2024-03-08T12:46:35.379Z WARN: POST /api/v1/auth/signup 401 5ms 401
2024-03-08T12:49:01.150Z WARN: POST /api/v1/auth/signup 401 5ms 401
2024-03-08T12:50:08.221Z WARN: POST /api/v1/auth/signup 404 15ms 404
2024-03-08T12:50:38.469Z WARN: POST /api/v1/auth/signup 404 5ms 404
2024-03-08T12:55:54.762Z INFO: Server is now running on port 5000 
2024-03-08T12:55:54.783Z INFO: MongoDB connected! 
2024-03-08T12:56:42.111Z INFO: Server is now running on port 5000 
2024-03-08T12:56:42.145Z INFO: MongoDB connected! 
2024-03-08T13:09:54.287Z INFO: Server is now running on port 5000 
2024-03-08T13:09:54.305Z INFO: MongoDB connected! 
2024-03-08T13:14:24.928Z INFO: Server is now running on port 5000 
2024-03-08T13:14:24.956Z INFO: MongoDB connected! 
2024-03-08T13:24:15.674Z INFO: Server is now running on port 5000 
2024-03-08T13:24:15.719Z INFO: MongoDB connected! 
2024-03-08T13:24:28.999Z ERROR: Error sending email for user creation: Invalid login: 535-5.7.8 Username and Password not accepted. For more information, go to
535 5.7.8  https://support.google.com/mail/?p=BadCredentials f17-20020a5d50d1000000b0033e79eca6dfsm674480wrt.50 - gsmtp 
2024-03-08T13:24:29.008Z ERROR: Invalid login: 535-5.7.8 Username and Password not accepted. For more information, go to
535 5.7.8  https://support.google.com/mail/?p=BadCredentials f17-20020a5d50d1000000b0033e79eca6dfsm674480wrt.50 - gsmtp 
2024-03-08T13:24:29.050Z ERROR: POST /api/v1/signup 500 2806ms 500
2024-03-08T13:24:59.978Z WARN: POST /api/v1/auth/signup 404 11ms 404
2024-03-10T16:48:13.479Z INFO: Server is now running on port 5000 
2024-03-10T16:48:13.549Z INFO: MongoDB connected! 
2024-03-10T16:53:15.712Z INFO: Server is now running on port 5000 
2024-03-10T16:53:15.763Z INFO: MongoDB connected! 
2024-03-10T16:56:11.639Z INFO: GET /api/v1/swagger/ 304 21ms 304
2024-03-10T16:56:11.779Z INFO: GET /api/v1/swagger/swagger-ui.css 304 6ms 304
2024-03-10T16:56:11.815Z INFO: GET /api/v1/swagger/swagger-ui-init.js 304 4ms 304
2024-03-10T16:56:11.848Z INFO: GET /api/v1/swagger/swagger-ui-standalone-preset.js 304 15ms 304
2024-03-10T16:56:11.863Z INFO: GET /api/v1/swagger/swagger-ui-bundle.js 304 25ms 304
2024-03-10T16:57:20.715Z WARN: POST /api/v1/auth/signup 404 31ms 404
2024-03-10T16:57:36.119Z WARN: POST /api/v1/signup 400 29ms 400
2024-03-10T16:58:45.992Z WARN: POST /api/signup 404 0ms 404
2024-03-10T17:03:32.806Z ERROR: Error sending email for user creation: Invalid login: 535-5.7.8 Username and Password not accepted. For more information, go to
535 5.7.8  https://support.google.com/mail/?p=BadCredentials t18-20020a0560001a5200b0033e7b05edf3sm4319921wry.44 - gsmtp 
2024-03-10T17:03:32.808Z ERROR: Invalid login: 535-5.7.8 Username and Password not accepted. For more information, go to
535 5.7.8  https://support.google.com/mail/?p=BadCredentials t18-20020a0560001a5200b0033e7b05edf3sm4319921wry.44 - gsmtp 
2024-03-10T17:03:32.823Z ERROR: POST /api/v1/signup 500 2645ms 500
2024-03-10T17:04:09.862Z WARN: POST /api/v1/signup 404 17ms 404
2024-03-10T17:05:54.209Z ERROR: Error sending email for user creation: Invalid login: 535-5.7.8 Username and Password not accepted. For more information, go to
535 5.7.8  https://support.google.com/mail/?p=BadCredentials t13-20020a25aa8d000000b00dc6d6dc9771sm762909ybi.8 - gsmtp 
2024-03-10T17:05:54.210Z ERROR: Invalid login: 535-5.7.8 Username and Password not accepted. For more information, go to
535 5.7.8  https://support.google.com/mail/?p=BadCredentials t13-20020a25aa8d000000b00dc6d6dc9771sm762909ybi.8 - gsmtp 
2024-03-10T17:05:54.216Z ERROR: POST /api/v1/signup 500 3305ms 500
2024-03-10T17:07:19.405Z ERROR: Error sending email for user creation: Invalid login: 535-5.7.8 Username and Password not accepted. For more information, go to
535 5.7.8  https://support.google.com/mail/?p=BadCredentials h15-20020a05600c350f00b004131d2307e7sm6274088wmq.12 - gsmtp 
2024-03-10T17:07:19.407Z ERROR: Invalid login: 535-5.7.8 Username and Password not accepted. For more information, go to
535 5.7.8  https://support.google.com/mail/?p=BadCredentials h15-20020a05600c350f00b004131d2307e7sm6274088wmq.12 - gsmtp 
2024-03-10T17:07:19.413Z ERROR: POST /api/v1/signup 500 1881ms 500
2024-03-10T17:08:24.751Z ERROR: Error sending email for user creation: Invalid login: 535-5.7.8 Username and Password not accepted. For more information, go to
535 5.7.8  https://support.google.com/mail/?p=BadCredentials m21-20020a056000175500b0033e052be14fsm4332233wrf.98 - gsmtp 
2024-03-10T17:08:24.753Z ERROR: Invalid login: 535-5.7.8 Username and Password not accepted. For more information, go to
535 5.7.8  https://support.google.com/mail/?p=BadCredentials m21-20020a056000175500b0033e052be14fsm4332233wrf.98 - gsmtp 
2024-03-10T17:08:24.758Z ERROR: POST /api/v1/signup 500 1935ms 500
2024-03-10T17:13:05.301Z INFO: POST /api/v1/login 200 816ms 200
2024-03-11T16:38:59.970Z INFO: Server is now running on port 5000 
2024-03-11T16:39:00.001Z INFO: MongoDB connected! 
2024-03-11T16:40:16.547Z WARN: POST /api/v1/login 400 13ms 400
2024-03-11T16:41:24.995Z WARN: POST /api/v1/login 400 4ms 400
2024-03-11T17:00:51.319Z INFO: MongoDB connected! 
2024-03-11T17:00:51.331Z INFO: Server is now running on port 5000 
2024-03-11T17:09:42.741Z INFO: MongoDB connected! 
2024-03-11T17:09:42.758Z INFO: Server is now running on port 5000 
2024-03-11T17:10:40.385Z WARN: POST /api/v1/login 400 48ms 400
2024-03-11T17:11:12.759Z WARN: POST /api/v1/login 400 2ms 400
2024-03-11T17:11:21.069Z WARN: POST /api/v1/login 400 2ms 400
2024-03-11T17:20:36.918Z INFO: MongoDB connected! 
2024-03-11T17:20:36.929Z INFO: Server is now running on port 5000 
2024-03-11T17:28:14.458Z INFO: Server is now running on port 5000 
2024-03-11T17:28:14.470Z INFO: MongoDB connected! 
2024-03-12T11:18:20.086Z INFO: MongoDB connected! 
2024-03-12T11:18:20.099Z INFO: Server is now running on port 5000 
2024-03-12T11:30:15.449Z INFO: MongoDB connected! 
2024-03-12T11:30:15.462Z INFO: Server is now running on port 5000 
2024-03-12T11:32:59.917Z WARN: POST /api/v1/login 400 10ms 400
2024-03-12T11:33:19.512Z WARN: POST /api/v1/login 401 674ms 401
2024-03-12T11:33:57.461Z WARN: POST /api/v1/login 401 611ms 401
2024-03-12T11:34:05.271Z WARN: POST /api/v1/login 401 609ms 401
2024-03-12T11:34:23.471Z INFO: POST /api/v1/login 200 615ms 200
2024-03-12T11:37:07.084Z INFO: MongoDB connected! 
2024-03-12T11:37:07.099Z INFO: Server is now running on port 5000 
2024-03-12T11:38:07.033Z WARN: POST /api/v1/signup 404 33ms 404
2024-03-13T00:07:11.991Z INFO: MongoDB connected! 
2024-03-13T00:07:12.022Z INFO: Server is now running on port 5000 
2024-03-13T10:23:06.148Z INFO: MongoDB connected! 
2024-03-13T10:23:06.202Z INFO: Server is now running on port 5000 
2024-03-13T10:29:39.270Z INFO: POST /api/v1/login 200 837ms 200
2024-03-13T11:25:34.102Z INFO: Server is now running on port 5000 
2024-03-13T11:25:34.128Z INFO: MongoDB connected! 
2024-03-13T11:26:24.006Z ERROR: Error sending email for user creation: Invalid login: 535-5.7.8 Username and Password not accepted. For more information, go to
535 5.7.8  https://support.google.com/mail/?p=BadCredentials o18-20020a05600c4fd200b004132f9cf053sm2016825wmq.33 - gsmtp 
2024-03-13T11:26:24.008Z ERROR: Invalid login: 535-5.7.8 Username and Password not accepted. For more information, go to
535 5.7.8  https://support.google.com/mail/?p=BadCredentials o18-20020a05600c4fd200b004132f9cf053sm2016825wmq.33 - gsmtp 
2024-03-13T11:26:24.027Z ERROR: POST /api/v1/signup 500 20999ms 500
2024-03-13T11:27:50.210Z WARN: POST /api/v1/signup 404 12ms 404
2024-03-13T11:32:06.952Z ERROR: Error sending email for user creation: Invalid login: 535-5.7.8 Username and Password not accepted. For more information, go to
535 5.7.8  https://support.google.com/mail/?p=BadCredentials p30-20020a05600c1d9e00b00413eb8b6a15sm1184127wms.24 - gsmtp 
2024-03-13T11:32:06.954Z ERROR: Invalid login: 535-5.7.8 Username and Password not accepted. For more information, go to
535 5.7.8  https://support.google.com/mail/?p=BadCredentials p30-20020a05600c1d9e00b00413eb8b6a15sm1184127wms.24 - gsmtp 
2024-03-13T11:32:06.959Z ERROR: POST /api/v1/signup 500 1637ms 500
2024-03-13T11:37:37.451Z WARN: POST /api/v1/signup 404 26ms 404
